<?xml version="1.0" encoding="UTF-8"?>
<!-- Generated by org.testng.reporters.JUnitReportReporter -->
<testsuite hostname="SHAH_HPLaptop" failures="0" tests="1" name="TestCases.LoginTestPF" time="5.938" errors="0" timestamp="2022-04-21T22:08:22 EDT" skipped="0">
  <testcase classname="TestCases.LoginTestPF" name="login" time="5.938"/>
  <system-out/>
</testsuite> <!-- TestCases.LoginTestPF -->
