<?xml version="1.0" encoding="UTF-8"?>
<!-- Generated by org.testng.reporters.JUnitReportReporter -->
<testsuite hostname="SHAH_HPLaptop" failures="0" tests="1" name="TestCases.LoginTest" time="6.353" errors="0" timestamp="2022-04-21T21:25:04 EDT" skipped="0">
  <testcase classname="TestCases.LoginTest" name="login" time="6.353"/>
  <system-out/>
</testsuite> <!-- TestCases.LoginTest -->
